2023-05-07 17:17:57,284 - client_logger - INFO - Starting client...
2023-05-07 17:18:25,749 - client_logger - INFO - Starting client...
2023-05-07 17:18:25,749 - client_logger - INFO - Type your command here: 
2023-05-07 17:19:00,333 - client_logger - INFO - ['upload', 'test.pdf']
2023-05-07 17:19:00,351 - client_logger - INFO - File uploaded successfully!
2023-05-07 17:19:00,351 - client_logger - INFO - 
2023-05-07 17:19:00,352 - client_logger - INFO - Type your command here: 
2023-05-07 17:20:58,750 - client_logger - INFO - Starting client...
2023-05-07 17:20:58,750 - client_logger - INFO - Type your command here: 
2023-05-07 17:21:01,575 - client_logger - INFO - ['upload', 'test.pdf']
2023-05-07 17:21:01,640 - client_logger - INFO - File uploaded successfully!
2023-05-07 17:21:01,640 - client_logger - INFO - 
2023-05-07 17:21:01,640 - client_logger - INFO - Type your command here: 
2023-05-07 17:34:59,642 - client_logger - INFO - Starting client...
2023-05-07 17:34:59,642 - client_logger - INFO - Type your command here: 
2023-05-07 17:35:01,905 - client_logger - INFO - ['upload', 'test.pdf']
2023-05-07 17:35:01,957 - client_logger - INFO - File uploaded successfully!
2023-05-07 17:35:01,957 - client_logger - INFO - 
2023-05-07 17:35:01,957 - client_logger - INFO - Type your command here: 
2023-05-07 17:37:02,106 - client_logger - INFO - Starting client...
2023-05-07 17:37:02,106 - client_logger - INFO - Type your command here: 
2023-05-07 17:37:06,005 - client_logger - INFO - ['upload', 'sd.pdf']
2023-05-07 17:37:06,232 - client_logger - INFO - File uploaded successfully!
2023-05-07 17:37:06,232 - client_logger - INFO - 
2023-05-07 17:37:06,232 - client_logger - INFO - Type your command here: 
2023-05-07 17:37:43,359 - client_logger - INFO - ['upload', 'sd.pdf']
2023-05-07 17:37:43,414 - client_logger - INFO - File uploaded successfully!
2023-05-07 17:37:43,414 - client_logger - INFO - 
2023-05-07 17:37:43,414 - client_logger - INFO - Type your command here: 
2023-05-07 17:43:23,424 - client_logger - INFO - Starting client...
2023-05-07 17:43:23,424 - client_logger - INFO - Type your command here: 
2023-05-07 17:43:26,364 - client_logger - INFO - ['upload', 'sd.pdf']
2023-05-07 17:43:26,547 - client_logger - INFO - File uploaded successfully!
2023-05-07 17:43:26,547 - client_logger - INFO - 
2023-05-07 17:43:26,547 - client_logger - INFO - Type your command here: 
2023-05-07 17:44:04,840 - client_logger - INFO - Starting client...
2023-05-07 17:44:04,840 - client_logger - INFO - Type your command here: 
2023-05-07 17:44:06,823 - client_logger - INFO - ['upload', 'sd.pdf']
2023-05-07 17:44:26,272 - client_logger - INFO - Starting client...
2023-05-07 17:44:26,273 - client_logger - INFO - Type your command here: 
2023-05-07 17:44:28,443 - client_logger - INFO - ['upload', 'sd.pdf']
2023-05-07 17:44:56,879 - client_logger - INFO - Starting client...
2023-05-07 17:44:56,879 - client_logger - INFO - Type your command here: 
2023-05-07 17:44:58,469 - client_logger - INFO - ['upload', 'sd.pdf']
2023-05-07 17:44:58,648 - client_logger - INFO - File uploaded successfully!
2023-05-07 17:44:58,649 - client_logger - INFO - 
2023-05-07 17:44:58,649 - client_logger - INFO - Type your command here: 
2023-05-07 17:50:10,075 - client_logger - INFO - Starting client...
2023-05-07 17:50:10,075 - client_logger - INFO - Type your command here: 
2023-05-07 17:50:15,322 - client_logger - INFO - ['upload', 'sd.pdf']
2023-05-07 17:50:35,052 - client_logger - INFO - Starting client...
2023-05-07 17:50:35,052 - client_logger - INFO - Type your command here: 
2023-05-07 17:50:36,728 - client_logger - INFO - ['upload', 'sd.pdf']
2023-05-07 17:50:48,546 - client_logger - INFO - Starting client...
2023-05-07 17:50:48,546 - client_logger - INFO - Type your command here: 
2023-05-07 17:50:50,962 - client_logger - INFO - ['upload', 'test.pdf']
2023-05-07 17:51:31,211 - client_logger - INFO - Starting client...
2023-05-07 17:51:31,211 - client_logger - INFO - Type your command here: 
2023-05-07 17:51:33,397 - client_logger - INFO - ['upload', 'sd.pdf']
2023-05-07 17:51:45,107 - client_logger - INFO - Starting client...
2023-05-07 17:51:45,107 - client_logger - INFO - Type your command here: 
2023-05-07 17:51:47,561 - client_logger - INFO - ['upload', 'test.pdf']
2023-05-07 17:53:26,363 - client_logger - INFO - Starting client...
2023-05-07 17:53:26,363 - client_logger - INFO - Type your command here: 
2023-05-07 17:53:29,435 - client_logger - INFO - ['upload', 'test.pdf']
2023-05-07 17:53:29,435 - client_logger - INFO - File size: 64050 bytes
2023-05-07 17:53:29,435 - client_logger - INFO - Filename size: 8 bytes
2023-05-07 17:53:29,435 - client_logger - INFO - Filename: b'test.pdf'
2023-05-07 17:53:29,435 - client_logger - INFO - File hash: f67d9085ba2c1ce3373c69317ae128390eeebfbfe373de7fb7c924f1800421c3
2023-05-07 17:56:43,795 - client_logger - INFO - Starting client...
2023-05-07 17:56:43,796 - client_logger - INFO - Type your command here: 
2023-05-07 17:56:45,658 - client_logger - INFO - ['upload', 'sd.pdf']
2023-05-07 17:56:45,662 - client_logger - INFO - File size: 917969 bytes
2023-05-07 17:56:45,662 - client_logger - INFO - Filename size: 6 bytes
2023-05-07 17:56:45,662 - client_logger - INFO - Filename: b'sd.pdf'
2023-05-07 17:56:45,662 - client_logger - INFO - File hash: 4cab800a01acc65fbd08a3a0fc1d015b6dde5f86ce32b0f49b5e92c8a69b70d5
2023-05-07 17:56:45,824 - client_logger - INFO - File uploaded successfully!
2023-05-07 17:56:45,824 - client_logger - INFO - 
2023-05-07 17:56:45,824 - client_logger - INFO - Type your command here: 
2023-05-07 17:59:36,351 - client_logger - INFO - Starting client...
2023-05-07 17:59:36,351 - client_logger - INFO - Type your command here: 
2023-05-07 17:59:43,777 - client_logger - INFO - ['upload', 'sd.pdf']
2023-05-07 17:59:43,778 - client_logger - INFO - File size: 917969 bytes
2023-05-07 17:59:43,778 - client_logger - INFO - Filename size: 6 bytes
2023-05-07 17:59:43,778 - client_logger - INFO - Filename: b'sd.pdf'
2023-05-07 17:59:43,778 - client_logger - INFO - File hash: 4cab800a01acc65fbd08a3a0fc1d015b6dde5f86ce32b0f49b5e92c8a69b70d5
2023-05-07 18:00:37,512 - client_logger - INFO - Starting client...
2023-05-07 18:00:37,512 - client_logger - INFO - Type your command here: 
2023-05-07 18:00:40,658 - client_logger - INFO - ['upload', 'sd.pdf']
2023-05-07 18:00:40,659 - client_logger - INFO - File size: 917969 bytes
2023-05-07 18:00:40,659 - client_logger - INFO - Filename size: 6 bytes
2023-05-07 18:00:40,659 - client_logger - INFO - Filename: b'sd.pdf'
2023-05-07 18:00:40,659 - client_logger - INFO - File hash: 4cab800a01acc65fbd08a3a0fc1d015b6dde5f86ce32b0f49b5e92c8a69b70d5
2023-05-07 18:03:57,504 - client_logger - INFO - Starting client...
2023-05-07 18:03:57,504 - client_logger - INFO - Type your command here: 
2023-05-07 18:04:09,252 - client_logger - INFO - Starting client...
2023-05-07 18:04:09,252 - client_logger - INFO - Type your command here: 
2023-05-07 18:04:11,954 - client_logger - INFO - ['upload', 'sd.pdf']
2023-05-07 18:04:11,955 - client_logger - INFO - File size: 917969 bytes
2023-05-07 18:04:11,955 - client_logger - INFO - Filename size: 6 bytes
2023-05-07 18:04:11,955 - client_logger - INFO - Filename: b'sd.pdf'
2023-05-07 18:04:11,955 - client_logger - INFO - File hash: 4cab800a01acc65fbd08a3a0fc1d015b6dde5f86ce32b0f49b5e92c8a69b70d5
2023-05-07 18:04:32,141 - client_logger - INFO - Starting client...
2023-05-07 18:04:32,141 - client_logger - INFO - Type your command here: 
2023-05-07 18:04:37,282 - client_logger - INFO - ['upload', 'test.pdf']
2023-05-07 18:04:37,316 - client_logger - INFO - File size: 64050 bytes
2023-05-07 18:04:37,316 - client_logger - INFO - Filename size: 8 bytes
2023-05-07 18:04:37,316 - client_logger - INFO - Filename: b'test.pdf'
2023-05-07 18:04:37,316 - client_logger - INFO - File hash: f67d9085ba2c1ce3373c69317ae128390eeebfbfe373de7fb7c924f1800421c3
2023-05-07 18:04:37,355 - client_logger - INFO - File uploaded successfully!
2023-05-07 18:04:37,355 - client_logger - INFO - 
2023-05-07 18:04:37,355 - client_logger - INFO - Type your command here: 
