2023-05-07 17:07:29,979 - server_logger - INFO - Starting server...
2023-05-07 17:07:29,979 - server_logger - INFO - Waiting for connection...
2023-05-07 17:07:35,496 - server_logger - INFO - File size: 64050 bytes
2023-05-07 17:07:35,496 - server_logger - INFO - Filename size: 8 bytes
2023-05-07 17:07:35,496 - server_logger - INFO - Filename: test.pdf
2023-05-07 17:07:35,496 - server_logger - INFO - File hash: f67d9085ba2c1ce3373c69317ae128390eeebfbfe373de7fb7c924f1800421c3
2023-05-07 17:07:35,499 - server_logger - INFO - Recieved connection from 127.0.0.1:53284
2023-05-07 17:17:54,603 - server_logger - INFO - Starting server...
2023-05-07 17:17:54,603 - server_logger - INFO - Waiting for connection...
2023-05-07 17:19:00,349 - server_logger - INFO - File size: 64050 bytes
2023-05-07 17:19:00,349 - server_logger - INFO - Filename size: 8 bytes
2023-05-07 17:19:00,349 - server_logger - INFO - Filename: test.pdf
2023-05-07 17:19:00,349 - server_logger - INFO - File hash: f67d9085ba2c1ce3373c69317ae128390eeebfbfe373de7fb7c924f1800421c3
2023-05-07 17:19:00,351 - server_logger - INFO - File data recieved
2023-05-07 17:19:00,351 - server_logger - INFO - File is valid. Operation was successful!
2023-05-07 17:19:00,351 - server_logger - INFO - 
2023-05-07 17:19:00,351 - server_logger - INFO - Starting server...
2023-05-07 17:20:55,563 - server_logger - INFO - Starting server...
2023-05-07 17:20:55,564 - server_logger - INFO - Waiting for connection...
2023-05-07 17:21:01,637 - server_logger - INFO - File size: 64050 bytes
2023-05-07 17:21:01,637 - server_logger - INFO - Filename size: 8 bytes
2023-05-07 17:21:01,638 - server_logger - INFO - Filename: test.pdf
2023-05-07 17:21:01,638 - server_logger - INFO - File hash: f67d9085ba2c1ce3373c69317ae128390eeebfbfe373de7fb7c924f1800421c3
2023-05-07 17:21:01,639 - server_logger - INFO - File data recieved
2023-05-07 17:21:01,640 - server_logger - INFO - File is valid. Operation was successful!
2023-05-07 17:21:01,640 - server_logger - INFO - 
2023-05-07 17:34:55,956 - server_logger - INFO - Starting server...
2023-05-07 17:34:55,956 - server_logger - INFO - Waiting for connection...
2023-05-07 17:34:55,956 - server_logger - INFO - Waiting for first datagram...
2023-05-07 17:35:01,950 - server_logger - INFO - File size: 64050 bytes
2023-05-07 17:35:01,950 - server_logger - INFO - Filename size: 8 bytes
2023-05-07 17:35:01,950 - server_logger - INFO - Filename: test.pdf
2023-05-07 17:35:01,950 - server_logger - INFO - File hash: f67d9085ba2c1ce3373c69317ae128390eeebfbfe373de7fb7c924f1800421c3
2023-05-07 17:35:01,957 - server_logger - INFO - File data recieved
2023-05-07 17:35:01,957 - server_logger - INFO - File is valid. Operation was successful!
2023-05-07 17:35:01,957 - server_logger - INFO - 
2023-05-07 17:35:01,957 - server_logger - INFO - Waiting for first datagram...
2023-05-07 17:36:59,155 - server_logger - INFO - Starting server...
2023-05-07 17:36:59,155 - server_logger - INFO - Waiting for connection...
2023-05-07 17:36:59,155 - server_logger - INFO - Waiting for first datagram...
2023-05-07 17:37:06,071 - server_logger - INFO - File size: 917969 bytes
2023-05-07 17:37:06,071 - server_logger - INFO - Filename size: 6 bytes
2023-05-07 17:37:06,071 - server_logger - INFO - Filename: sd.pdf
2023-05-07 17:37:06,071 - server_logger - INFO - File hash: 4cab800a01acc65fbd08a3a0fc1d015b6dde5f86ce32b0f49b5e92c8a69b70d5
2023-05-07 17:37:06,230 - server_logger - INFO - File data recieved
2023-05-07 17:37:06,232 - server_logger - INFO - File is valid. Operation was successful!
2023-05-07 17:37:06,232 - server_logger - INFO - 
2023-05-07 17:37:06,232 - server_logger - INFO - Waiting for first datagram...
2023-05-07 17:37:43,360 - server_logger - INFO - File size: 917969 bytes
2023-05-07 17:37:43,361 - server_logger - INFO - Filename size: 6 bytes
2023-05-07 17:37:43,361 - server_logger - INFO - Filename: sd.pdf
2023-05-07 17:37:43,361 - server_logger - INFO - File hash: 4cab800a01acc65fbd08a3a0fc1d015b6dde5f86ce32b0f49b5e92c8a69b70d5
2023-05-07 17:37:43,412 - server_logger - INFO - File data recieved
2023-05-07 17:37:43,414 - server_logger - INFO - File is valid. Operation was successful!
2023-05-07 17:37:43,414 - server_logger - INFO - 
2023-05-07 17:37:43,414 - server_logger - INFO - Waiting for first datagram...
2023-05-07 17:43:20,971 - server_logger - INFO - Starting server...
2023-05-07 17:43:20,971 - server_logger - INFO - Waiting for connection...
2023-05-07 17:43:20,971 - server_logger - INFO - Waiting for first datagram...
2023-05-07 17:43:26,427 - server_logger - INFO - File size: 917969 bytes
2023-05-07 17:43:26,427 - server_logger - INFO - Filename size: 6 bytes
2023-05-07 17:43:26,428 - server_logger - INFO - Filename: sd.pdf
2023-05-07 17:43:26,428 - server_logger - INFO - File hash: 4cab800a01acc65fbd08a3a0fc1d015b6dde5f86ce32b0f49b5e92c8a69b70d5
2023-05-07 17:43:26,545 - server_logger - INFO - File data recieved
2023-05-07 17:43:26,547 - server_logger - INFO - File is valid. Operation was successful!
2023-05-07 17:43:26,547 - server_logger - INFO - 
2023-05-07 17:43:26,547 - server_logger - INFO - Waiting for first datagram...
2023-05-07 17:44:02,593 - server_logger - INFO - Starting server...
2023-05-07 17:44:02,593 - server_logger - INFO - Waiting for connection...
2023-05-07 17:44:02,593 - server_logger - INFO - Waiting for first datagram...
2023-05-07 17:44:12,985 - server_logger - INFO - File size: 917969 bytes
2023-05-07 17:44:12,985 - server_logger - INFO - Filename size: 6 bytes
2023-05-07 17:44:12,985 - server_logger - INFO - Filename: sd.pdf
2023-05-07 17:44:12,985 - server_logger - INFO - File hash: 4cab800a01acc65fbd08a3a0fc1d015b6dde5f86ce32b0f49b5e92c8a69b70d5
2023-05-07 17:44:24,103 - server_logger - INFO - Starting server...
2023-05-07 17:44:24,104 - server_logger - INFO - Waiting for connection...
2023-05-07 17:44:24,104 - server_logger - INFO - Waiting for first datagram...
2023-05-07 17:44:34,346 - server_logger - INFO - File size: 917969 bytes
2023-05-07 17:44:34,346 - server_logger - INFO - Filename size: 6 bytes
2023-05-07 17:44:34,346 - server_logger - INFO - Filename: sd.pdf
2023-05-07 17:44:34,346 - server_logger - INFO - File hash: 4cab800a01acc65fbd08a3a0fc1d015b6dde5f86ce32b0f49b5e92c8a69b70d5
2023-05-07 17:44:54,683 - server_logger - INFO - Starting server...
2023-05-07 17:44:54,683 - server_logger - INFO - Waiting for connection...
2023-05-07 17:44:54,683 - server_logger - INFO - Waiting for first datagram...
2023-05-07 17:44:58,515 - server_logger - INFO - File size: 917969 bytes
2023-05-07 17:44:58,515 - server_logger - INFO - Filename size: 6 bytes
2023-05-07 17:44:58,515 - server_logger - INFO - Filename: sd.pdf
2023-05-07 17:44:58,515 - server_logger - INFO - File hash: 4cab800a01acc65fbd08a3a0fc1d015b6dde5f86ce32b0f49b5e92c8a69b70d5
2023-05-07 17:44:58,647 - server_logger - INFO - File data recieved
2023-05-07 17:44:58,648 - server_logger - INFO - File is valid. Operation was successful!
2023-05-07 17:44:58,648 - server_logger - INFO - 
2023-05-07 17:44:58,648 - server_logger - INFO - Waiting for first datagram...
2023-05-07 17:50:07,768 - server_logger - INFO - Starting server...
2023-05-07 17:50:07,768 - server_logger - INFO - Server waiting for connection...
2023-05-07 17:50:07,768 - server_logger - INFO - Waiting for first datagram...
2023-05-07 17:50:15,367 - server_logger - INFO - Client connected with address 127.0.0.1:37843
2023-05-07 17:50:32,473 - server_logger - INFO - Starting server...
2023-05-07 17:50:32,473 - server_logger - INFO - Server waiting for connection...
2023-05-07 17:50:32,473 - server_logger - INFO - Waiting for first datagram...
2023-05-07 17:50:36,790 - server_logger - INFO - Client connected with address 127.0.0.1:56310
2023-05-07 17:50:45,713 - server_logger - INFO - Starting server...
2023-05-07 17:50:45,713 - server_logger - INFO - Server waiting for connection...
2023-05-07 17:50:45,713 - server_logger - INFO - Waiting for first datagram...
2023-05-07 17:50:51,005 - server_logger - INFO - Client connected with address 127.0.0.1:51461
2023-05-07 17:51:25,513 - server_logger - INFO - Starting server...
2023-05-07 17:51:25,513 - server_logger - INFO - Server waiting for connection...
2023-05-07 17:51:25,513 - server_logger - INFO - Waiting for first datagram...
2023-05-07 17:51:33,438 - server_logger - INFO - Client connected with address 127.0.0.1:33389
2023-05-07 17:51:41,778 - server_logger - INFO - Starting server...
2023-05-07 17:51:41,778 - server_logger - INFO - Server waiting for connection...
2023-05-07 17:51:41,779 - server_logger - INFO - Waiting for first datagram...
2023-05-07 17:51:47,624 - server_logger - INFO - Client connected with address 127.0.0.1:57314
2023-05-07 17:53:23,114 - server_logger - INFO - Starting server...
2023-05-07 17:53:23,114 - server_logger - INFO - Server waiting for connection...
2023-05-07 17:53:23,115 - server_logger - INFO - Waiting for first datagram...
2023-05-07 17:53:29,497 - server_logger - INFO - Client connected with address 127.0.0.1:53488
2023-05-07 17:56:38,929 - server_logger - INFO - Starting server...
2023-05-07 17:56:38,930 - server_logger - INFO - Server waiting for connection...
2023-05-07 17:56:38,930 - server_logger - INFO - Waiting for first datagram...
2023-05-07 17:56:45,679 - server_logger - INFO - Client connected with address 127.0.0.1:40882
2023-05-07 17:56:45,680 - server_logger - INFO - File size: 917969 bytes
2023-05-07 17:56:45,680 - server_logger - INFO - Filename size: 6 bytes
2023-05-07 17:56:45,680 - server_logger - INFO - Filename: sd.pdf
2023-05-07 17:56:45,680 - server_logger - INFO - File hash: 4cab800a01acc65fbd08a3a0fc1d015b6dde5f86ce32b0f49b5e92c8a69b70d5
2023-05-07 17:56:45,823 - server_logger - INFO - File data recieved
2023-05-07 17:56:45,824 - server_logger - INFO - File is valid. Operation was successful!
2023-05-07 17:56:45,824 - server_logger - INFO - 
2023-05-07 17:56:45,824 - server_logger - INFO - Waiting for first datagram...
