2023-05-07 19:05:51,902 - server_logger - INFO - Starting server...
2023-05-07 19:05:51,902 - server_logger - INFO - Server waiting for connection...
2023-05-07 19:05:51,902 - server_logger - INFO - Waiting for file information datagram...
2023-05-07 19:05:58,242 - server_logger - INFO - Client connected with address 127.0.0.1:34927
2023-05-07 19:08:13,840 - server_logger - INFO - Starting server...
2023-05-07 19:08:13,840 - server_logger - INFO - Server waiting for connection...
2023-05-07 19:08:13,840 - server_logger - INFO - Waiting for file information datagram...
2023-05-07 19:08:19,884 - server_logger - INFO - Client connected with address 127.0.0.1:51229
2023-05-07 19:08:19,884 - server_logger - INFO - File size: 64050 bytes
2023-05-07 19:08:19,884 - server_logger - INFO - Filename size: 8 bytes
2023-05-07 19:08:19,884 - server_logger - INFO - Filename: test.pdf
2023-05-07 19:08:19,884 - server_logger - INFO - File hash: f67d9085ba2c1ce3373c69317ae128390eeebfbfe373de7fb7c924f1800421c3
2023-05-07 19:08:19,893 - server_logger - INFO - File data recieved
2023-05-07 19:08:19,893 - server_logger - INFO - File is valid. Operation was successful!
2023-05-07 19:08:19,893 - server_logger - INFO - 
2023-05-07 19:08:19,893 - server_logger - INFO - Waiting for file information datagram...
2023-05-07 19:08:45,205 - server_logger - INFO - Starting server...
2023-05-07 19:08:45,205 - server_logger - INFO - Server waiting for connection...
2023-05-07 19:08:45,205 - server_logger - INFO - Waiting for file information datagram...
2023-05-07 19:08:50,012 - server_logger - INFO - Client connected with address 127.0.0.1:50425
2023-05-07 19:08:50,012 - server_logger - INFO - File size: 64050 bytes
2023-05-07 19:08:50,012 - server_logger - INFO - Filename size: 8 bytes
2023-05-07 19:08:50,012 - server_logger - INFO - Filename: test.pdf
2023-05-07 19:08:50,012 - server_logger - INFO - File hash: f67d9085ba2c1ce3373c69317ae128390eeebfbfe373de7fb7c924f1800421c3
2023-05-07 19:08:50,021 - server_logger - INFO - File data recieved
2023-05-07 19:08:50,021 - server_logger - INFO - File is valid. Operation was successful!
2023-05-07 19:08:50,021 - server_logger - INFO - 
2023-05-07 19:08:50,021 - server_logger - INFO - Waiting for file information datagram...
2023-05-10 15:32:30,137 - server_logger - INFO - Starting server...
2023-05-10 15:32:30,137 - server_logger - INFO - Server waiting for connection...
2023-05-10 15:32:30,137 - server_logger - INFO - Waiting for file information datagram...
2023-05-10 15:35:53,132 - server_logger - INFO - Client connected with address 127.0.0.1:52663
2023-05-10 15:35:53,132 - server_logger - INFO - File size: 917969 bytes
2023-05-10 15:35:53,132 - server_logger - INFO - Filename size: 6 bytes
2023-05-10 15:35:53,132 - server_logger - INFO - Filename: sd.pdf
2023-05-10 15:35:53,132 - server_logger - INFO - File hash: 4cab800a01acc65fbd08a3a0fc1d015b6dde5f86ce32b0f49b5e92c8a69b70d5
2023-05-10 15:35:53,376 - server_logger - INFO - File data recieved
2023-05-10 15:35:53,378 - server_logger - INFO - File is valid. Operation was successful!
2023-05-10 15:35:53,378 - server_logger - INFO - 
2023-05-10 15:35:53,378 - server_logger - INFO - Waiting for file information datagram...
2023-05-10 15:39:11,356 - server_logger - INFO - Starting server...
2023-05-10 15:39:11,356 - server_logger - INFO - Server waiting for connection...
2023-05-10 15:39:18,824 - server_logger - INFO - Starting server...
2023-05-10 15:39:18,824 - server_logger - INFO - Server waiting for connection...
2023-05-10 15:39:40,715 - server_logger - INFO - Client connected with address 127.0.0.1:52663
2023-05-10 15:39:40,715 - server_logger - INFO - File size: 168590587 bytes
2023-05-10 15:39:40,715 - server_logger - INFO - Filename size: 11 bytes
2023-05-10 15:39:40,715 - server_logger - INFO - Filename: arquivo.pdf
2023-05-10 15:39:40,715 - server_logger - INFO - File hash: d25291e8b660b89d048f6c1528b776efb63e8335334480362ad5debc23b77e79
